[INFO ] 2024-08-05 19:45:28.450 [TestNG-test-DemoStoreApp-1] DemoStoreTestng - Scenario execution started
[INFO ] 2024-08-05 19:45:49.386 [TestNG-test-DemoStoreApp-1] DemoStoreTestng - Opens the application
[TRACE] 2024-08-05 19:45:52.021 [TestNG-test-DemoStoreApp-1] DemoStoreTestng - Clicked login link
[INFO ] 2024-08-05 19:45:52.089 [TestNG-test-DemoStoreApp-1] DemoStoreTestng - https://magento.softwaretestingboard.com/customer/account/login/referer/aHR0cHM6Ly9tYWdlbnRvLnNvZnR3YXJldGVzdGluZ2JvYXJkLmNvbS8%2C/
[INFO ] 2024-08-05 19:45:52.113 [TestNG-test-DemoStoreApp-1] DemoStoreTestng - https://magento.softwaretestingboard.com/customer/account/login/referer/aHR0cHM6Ly9tYWdlbnRvLnNvZnR3YXJldGVzdGluZ2JvYXJkLmNvbS8%2C/
[TRACE] 2024-08-05 19:45:52.114 [TestNG-test-DemoStoreApp-1] DemoStoreTestng - Navigated to login page
[TRACE] 2024-08-05 19:45:52.601 [TestNG-test-DemoStoreApp-1] DemoStoreTestng - Entered login credentials and clicked login button
[TRACE] 2024-08-05 19:45:55.069 [TestNG-test-DemoStoreApp-1] DemoStoreTestng - Clicked login button
[INFO ] 2024-08-05 19:46:00.128 [TestNG-test-DemoStoreApp-1] DemoStoreTestng - screenshot captured
[DEBUG] 2024-08-05 19:46:00.129 [TestNG-test-DemoStoreApp-1] DemoStoreTestng - Captured screenshot for failed scenario: User buys a product
[INFO ] 2024-08-05 19:46:00.132 [TestNG-test-DemoStoreApp-1] DemoStoreTestng - Scenario execution over
[INFO ] 2024-08-05 19:48:08.557 [TestNG-test-DemoStoreApp-1] DemoStoreTestng - Scenario execution started
[INFO ] 2024-08-05 19:48:32.054 [TestNG-test-DemoStoreApp-1] DemoStoreTestng - Opens the application
[TRACE] 2024-08-05 19:48:34.159 [TestNG-test-DemoStoreApp-1] DemoStoreTestng - Clicked login link
[INFO ] 2024-08-05 19:48:34.214 [TestNG-test-DemoStoreApp-1] DemoStoreTestng - https://magento.softwaretestingboard.com/customer/account/login/referer/aHR0cHM6Ly9tYWdlbnRvLnNvZnR3YXJldGVzdGluZ2JvYXJkLmNvbS8%2C/
[INFO ] 2024-08-05 19:48:34.259 [TestNG-test-DemoStoreApp-1] DemoStoreTestng - https://magento.softwaretestingboard.com/customer/account/login/referer/aHR0cHM6Ly9tYWdlbnRvLnNvZnR3YXJldGVzdGluZ2JvYXJkLmNvbS8%2C/
[TRACE] 2024-08-05 19:48:34.259 [TestNG-test-DemoStoreApp-1] DemoStoreTestng - Navigated to login page
[TRACE] 2024-08-05 19:48:34.930 [TestNG-test-DemoStoreApp-1] DemoStoreTestng - Entered login credentials and clicked login button
[TRACE] 2024-08-05 19:48:39.025 [TestNG-test-DemoStoreApp-1] DemoStoreTestng - Clicked login button
[TRACE] 2024-08-05 19:48:39.575 [TestNG-test-DemoStoreApp-1] DemoStoreTestng - Navigated to home page
[INFO ] 2024-08-05 19:48:39.599 [TestNG-test-DemoStoreApp-1] DemoStoreTestng - https://magento.softwaretestingboard.com/
[INFO ] 2024-08-05 19:48:39.600 [TestNG-test-DemoStoreApp-1] DemoStoreTestng - Welcome Message: Support This Project
[TRACE] 2024-08-05 19:48:41.324 [TestNG-test-DemoStoreApp-1] DemoStoreTestng - Searching for product: Selene Yoga Hoodie
[TRACE] 2024-08-05 19:48:48.277 [TestNG-test-DemoStoreApp-1] DemoStoreTestng - Searched product found
[TRACE] 2024-08-05 19:48:49.082 [TestNG-test-DemoStoreApp-1] DemoStoreTestng - Selecting color and size
[TRACE] 2024-08-05 19:48:49.311 [TestNG-test-DemoStoreApp-1] DemoStoreTestng - Clicked add to cart button
[TRACE] 2024-08-05 19:48:52.059 [TestNG-test-DemoStoreApp-1] DemoStoreTestng - Clicked cart button to proceed checkout
[TRACE] 2024-08-05 19:49:02.311 [TestNG-test-DemoStoreApp-1] DemoStoreTestng - Clicked checkout button
[INFO ] 2024-08-05 19:49:02.396 [TestNG-test-DemoStoreApp-1] DemoStoreTestng - https://magento.softwaretestingboard.com/checkout/#shipping
[TRACE] 2024-08-05 19:49:02.396 [TestNG-test-DemoStoreApp-1] DemoStoreTestng - Navigated to checkout page
[TRACE] 2024-08-05 19:49:06.695 [TestNG-test-DemoStoreApp-1] DemoStoreTestng - Clicked next button to see billing address
[INFO ] 2024-08-05 19:49:06.721 [TestNG-test-DemoStoreApp-1] DemoStoreTestng - https://magento.softwaretestingboard.com/checkout/#shipping
[TRACE] 2024-08-05 19:49:10.024 [TestNG-test-DemoStoreApp-1] DemoStoreTestng - billing address is selected
[TRACE] 2024-08-05 19:49:12.639 [TestNG-test-DemoStoreApp-1] DemoStoreTestng - Clicked place order button
[INFO ] 2024-08-05 19:49:12.673 [TestNG-test-DemoStoreApp-1] DemoStoreTestng - https://magento.softwaretestingboard.com/checkout/#payment
[TRACE] 2024-08-05 19:49:12.674 [TestNG-test-DemoStoreApp-1] DemoStoreTestng - Navigated to orders page
[TRACE] 2024-08-05 19:49:20.537 [TestNG-test-DemoStoreApp-1] DemoStoreTestng - order number is: 000013332
[TRACE] 2024-08-05 19:49:22.448 [TestNG-test-DemoStoreApp-1] DemoStoreTestng - Clicked order number link
[INFO ] 2024-08-05 19:49:22.662 [TestNG-test-DemoStoreApp-1] DemoStoreTestng - https://magento.softwaretestingboard.com/sales/order/view/order_id/13327/
[TRACE] 2024-08-05 19:49:22.663 [TestNG-test-DemoStoreApp-1] DemoStoreTestng - Navigated to order details page
[TRACE] 2024-08-05 19:49:22.926 [TestNG-test-DemoStoreApp-1] DemoStoreTestng - Checked order details
[TRACE] 2024-08-05 19:49:24.833 [TestNG-test-DemoStoreApp-1] DemoStoreTestng - Clicked logout button
[INFO ] 2024-08-05 19:49:25.068 [TestNG-test-DemoStoreApp-1] DemoStoreTestng - logout successful
[INFO ] 2024-08-05 19:49:25.072 [TestNG-test-DemoStoreApp-1] DemoStoreTestng - Scenario execution over
[INFO ] 2024-08-05 19:49:41.375 [TestNG-test-DemoStoreApp-1] DemoStoreTestng - Scenario execution started
[INFO ] 2024-08-05 19:49:55.906 [TestNG-test-DemoStoreApp-1] DemoStoreTestng - Opens the application
[TRACE] 2024-08-05 19:50:01.598 [TestNG-test-DemoStoreApp-1] DemoStoreTestng - Clicked login link
[INFO ] 2024-08-05 19:50:01.613 [TestNG-test-DemoStoreApp-1] DemoStoreTestng - https://magento.softwaretestingboard.com/customer/account/login/referer/aHR0cHM6Ly9tYWdlbnRvLnNvZnR3YXJldGVzdGluZ2JvYXJkLmNvbS8%2C/
[TRACE] 2024-08-05 19:50:02.002 [TestNG-test-DemoStoreApp-1] DemoStoreTestng - Email entered
[TRACE] 2024-08-05 19:50:02.737 [TestNG-test-DemoStoreApp-1] DemoStoreTestng - Password entered
[TRACE] 2024-08-05 19:50:04.992 [TestNG-test-DemoStoreApp-1] DemoStoreTestng - Clicked login button
[TRACE] 2024-08-05 19:50:05.311 [TestNG-test-DemoStoreApp-1] DemoStoreTestng - Navigated back to home page
[INFO ] 2024-08-05 19:50:05.398 [TestNG-test-DemoStoreApp-1] DemoStoreTestng - https://magento.softwaretestingboard.com/
[FATAL] 2024-08-05 19:50:05.552 [TestNG-test-DemoStoreApp-1] DemoStoreTestng - Username - John Drew not found
[INFO ] 2024-08-05 19:50:05.554 [TestNG-test-DemoStoreApp-1] DemoStoreTestng - Scenario execution over
[INFO ] 2024-08-05 19:50:13.165 [TestNG-test-DemoStoreApp-1] DemoStoreTestng - Scenario execution started
[INFO ] 2024-08-05 19:50:28.882 [TestNG-test-DemoStoreApp-1] DemoStoreTestng - Opens the application
[TRACE] 2024-08-05 19:50:34.128 [TestNG-test-DemoStoreApp-1] DemoStoreTestng - Clicked login link
[INFO ] 2024-08-05 19:50:34.140 [TestNG-test-DemoStoreApp-1] DemoStoreTestng - https://magento.softwaretestingboard.com/customer/account/login/referer/aHR0cHM6Ly9tYWdlbnRvLnNvZnR3YXJldGVzdGluZ2JvYXJkLmNvbS8%2C/
[TRACE] 2024-08-05 19:50:34.462 [TestNG-test-DemoStoreApp-1] DemoStoreTestng - Email entered
[TRACE] 2024-08-05 19:50:34.639 [TestNG-test-DemoStoreApp-1] DemoStoreTestng - Password entered
[TRACE] 2024-08-05 19:50:36.277 [TestNG-test-DemoStoreApp-1] DemoStoreTestng - Clicked login button
[WARN ] 2024-08-05 19:50:36.366 [TestNG-test-DemoStoreApp-1] DemoStoreTestng - Warning message not found
[INFO ] 2024-08-05 19:50:36.369 [TestNG-test-DemoStoreApp-1] DemoStoreTestng - Scenario execution over
[INFO ] 2024-08-05 19:50:44.249 [TestNG-test-DemoStoreApp-1] DemoStoreTestng - Scenario execution started
[INFO ] 2024-08-05 19:51:01.018 [TestNG-test-DemoStoreApp-1] DemoStoreTestng - Opens the application
[TRACE] 2024-08-05 19:51:02.386 [TestNG-test-DemoStoreApp-1] DemoStoreTestng - Clicked login link
[INFO ] 2024-08-05 19:51:02.435 [TestNG-test-DemoStoreApp-1] DemoStoreTestng - https://magento.softwaretestingboard.com/customer/account/login/referer/aHR0cHM6Ly9tYWdlbnRvLnNvZnR3YXJldGVzdGluZ2JvYXJkLmNvbS8%2C/
[TRACE] 2024-08-05 19:51:02.689 [TestNG-test-DemoStoreApp-1] DemoStoreTestng - Email entered
[TRACE] 2024-08-05 19:51:02.951 [TestNG-test-DemoStoreApp-1] DemoStoreTestng - Password entered
[TRACE] 2024-08-05 19:51:05.361 [TestNG-test-DemoStoreApp-1] DemoStoreTestng - Clicked login button
[TRACE] 2024-08-05 19:51:05.935 [TestNG-test-DemoStoreApp-1] DemoStoreTestng - Warnig message found: The account sign-in was incorrect or your account is disabled temporarily. Please wait and try again later.
[INFO ] 2024-08-05 19:51:05.937 [TestNG-test-DemoStoreApp-1] DemoStoreTestng - Scenario execution over
[INFO ] 2024-08-05 19:51:15.755 [TestNG-test-DemoStoreApp-1] DemoStoreTestng - Scenario execution started
[INFO ] 2024-08-05 19:51:29.869 [TestNG-test-DemoStoreApp-1] DemoStoreTestng - Opens the application
[TRACE] 2024-08-05 19:51:34.126 [TestNG-test-DemoStoreApp-1] DemoStoreTestng - Clicked login link
[INFO ] 2024-08-05 19:51:34.136 [TestNG-test-DemoStoreApp-1] DemoStoreTestng - https://magento.softwaretestingboard.com/customer/account/login/referer/aHR0cHM6Ly9tYWdlbnRvLnNvZnR3YXJldGVzdGluZ2JvYXJkLmNvbS8%2C/
[TRACE] 2024-08-05 19:51:34.330 [TestNG-test-DemoStoreApp-1] DemoStoreTestng - Email entered
[TRACE] 2024-08-05 19:51:34.435 [TestNG-test-DemoStoreApp-1] DemoStoreTestng - Password entered
[TRACE] 2024-08-05 19:51:36.038 [TestNG-test-DemoStoreApp-1] DemoStoreTestng - Clicked login button
[TRACE] 2024-08-05 19:51:36.324 [TestNG-test-DemoStoreApp-1] DemoStoreTestng - Warnig message found: The account sign-in was incorrect or your account is disabled temporarily. Please wait and try again later.
[INFO ] 2024-08-05 19:51:36.326 [TestNG-test-DemoStoreApp-1] DemoStoreTestng - Scenario execution over
[INFO ] 2024-08-05 19:51:44.048 [TestNG-test-DemoStoreApp-1] DemoStoreTestng - Scenario execution started
[INFO ] 2024-08-05 19:51:59.856 [TestNG-test-DemoStoreApp-1] DemoStoreTestng - Opens the application
[TRACE] 2024-08-05 19:52:05.627 [TestNG-test-DemoStoreApp-1] DemoStoreTestng - Clicked login link
[INFO ] 2024-08-05 19:52:05.656 [TestNG-test-DemoStoreApp-1] DemoStoreTestng - https://magento.softwaretestingboard.com/customer/account/login/referer/aHR0cHM6Ly9tYWdlbnRvLnNvZnR3YXJldGVzdGluZ2JvYXJkLmNvbS8%2C/
[TRACE] 2024-08-05 19:52:06.036 [TestNG-test-DemoStoreApp-1] DemoStoreTestng - Email entered
[TRACE] 2024-08-05 19:52:06.206 [TestNG-test-DemoStoreApp-1] DemoStoreTestng - Password entered
[TRACE] 2024-08-05 19:52:06.435 [TestNG-test-DemoStoreApp-1] DemoStoreTestng - Clicked login button
[WARN ] 2024-08-05 19:52:06.558 [TestNG-test-DemoStoreApp-1] DemoStoreTestng - Warning message not found
[INFO ] 2024-08-05 19:52:06.560 [TestNG-test-DemoStoreApp-1] DemoStoreTestng - Scenario execution over
[INFO ] 2024-08-05 19:52:13.127 [TestNG-test-DemoStoreApp-1] DemoStoreTestng - Scenario execution started
[INFO ] 2024-08-05 19:52:45.127 [TestNG-test-DemoStoreApp-1] DemoStoreTestng - screenshot captured
[DEBUG] 2024-08-05 19:52:45.128 [TestNG-test-DemoStoreApp-1] DemoStoreTestng - Captured screenshot for failed scenario: User logins with empty credentials
[INFO ] 2024-08-05 19:52:45.131 [TestNG-test-DemoStoreApp-1] DemoStoreTestng - Scenario execution over
[INFO ] 2024-08-05 19:52:51.993 [TestNG-test-DemoStoreApp-1] DemoStoreTestng - Scenario execution started
[INFO ] 2024-08-05 19:53:11.305 [TestNG-test-DemoStoreApp-1] DemoStoreTestng - Opens the application
[TRACE] 2024-08-05 19:53:17.224 [TestNG-test-DemoStoreApp-1] DemoStoreTestng - Clicked login link
[INFO ] 2024-08-05 19:53:17.268 [TestNG-test-DemoStoreApp-1] DemoStoreTestng - https://magento.softwaretestingboard.com/customer/account/login/referer/aHR0cHM6Ly9tYWdlbnRvLnNvZnR3YXJldGVzdGluZ2JvYXJkLmNvbS8%2C/
[INFO ] 2024-08-05 19:53:17.280 [TestNG-test-DemoStoreApp-1] DemoStoreTestng - https://magento.softwaretestingboard.com/customer/account/login/referer/aHR0cHM6Ly9tYWdlbnRvLnNvZnR3YXJldGVzdGluZ2JvYXJkLmNvbS8%2C/
[TRACE] 2024-08-05 19:53:17.280 [TestNG-test-DemoStoreApp-1] DemoStoreTestng - Navigated to login page
[TRACE] 2024-08-05 19:53:17.789 [TestNG-test-DemoStoreApp-1] DemoStoreTestng - Entered login credentials and clicked login button
[TRACE] 2024-08-05 19:53:21.156 [TestNG-test-DemoStoreApp-1] DemoStoreTestng - Clicked login button
[TRACE] 2024-08-05 19:53:21.547 [TestNG-test-DemoStoreApp-1] DemoStoreTestng - Navigated to home page
[INFO ] 2024-08-05 19:53:21.556 [TestNG-test-DemoStoreApp-1] DemoStoreTestng - https://magento.softwaretestingboard.com/
[INFO ] 2024-08-05 19:53:21.556 [TestNG-test-DemoStoreApp-1] DemoStoreTestng - Welcome Message: Support This Project
[TRACE] 2024-08-05 19:53:24.920 [TestNG-test-DemoStoreApp-1] DemoStoreTestng - Clicked my account link
[INFO ] 2024-08-05 19:53:25.185 [TestNG-test-DemoStoreApp-1] DemoStoreTestng - https://magento.softwaretestingboard.com/customer/account/
[TRACE] 2024-08-05 19:53:25.185 [TestNG-test-DemoStoreApp-1] DemoStoreTestng - Navigated to customer account page
[TRACE] 2024-08-05 19:53:27.038 [TestNG-test-DemoStoreApp-1] DemoStoreTestng - Clicked my orders link
[INFO ] 2024-08-05 19:53:27.352 [TestNG-test-DemoStoreApp-1] DemoStoreTestng - https://magento.softwaretestingboard.com/sales/order/history/
[TRACE] 2024-08-05 19:53:27.352 [TestNG-test-DemoStoreApp-1] DemoStoreTestng - Navigated to orders page
[TRACE] 2024-08-05 19:53:35.420 [TestNG-test-DemoStoreApp-1] DemoStoreTestng - Checked my orders
[TRACE] 2024-08-05 19:53:37.467 [TestNG-test-DemoStoreApp-1] DemoStoreTestng - Clicked logout button
[INFO ] 2024-08-05 19:53:37.705 [TestNG-test-DemoStoreApp-1] DemoStoreTestng - logout successful
[INFO ] 2024-08-05 19:53:37.710 [TestNG-test-DemoStoreApp-1] DemoStoreTestng - Scenario execution over
[INFO ] 2024-08-05 19:53:51.396 [TestNG-test-DemoStoreApp-1] DemoStoreTestng - Scenario execution started
[INFO ] 2024-08-05 19:54:05.549 [TestNG-test-DemoStoreApp-1] DemoStoreTestng - Opens the application
[TRACE] 2024-08-05 19:54:12.583 [TestNG-test-DemoStoreApp-1] DemoStoreTestng - Create account link clicked
[INFO ] 2024-08-05 19:54:12.602 [TestNG-test-DemoStoreApp-1] DemoStoreTestng - https://magento.softwaretestingboard.com/customer/account/create/
[TRACE] 2024-08-05 19:54:12.602 [TestNG-test-DemoStoreApp-1] DemoStoreTestng - Navigated to Create account page
[TRACE] 2024-08-05 19:54:12.894 [TestNG-test-DemoStoreApp-1] DemoStoreTestng - First name entered
[TRACE] 2024-08-05 19:54:13.075 [TestNG-test-DemoStoreApp-1] DemoStoreTestng - Last name entered
[TRACE] 2024-08-05 19:54:13.254 [TestNG-test-DemoStoreApp-1] DemoStoreTestng - Email entered
[TRACE] 2024-08-05 19:54:13.512 [TestNG-test-DemoStoreApp-1] DemoStoreTestng - Password entered
[TRACE] 2024-08-05 19:54:13.710 [TestNG-test-DemoStoreApp-1] DemoStoreTestng - Confirm password entered
[TRACE] 2024-08-05 19:54:17.540 [TestNG-test-DemoStoreApp-1] DemoStoreTestng - create account button clicked
[INFO ] 2024-08-05 19:54:17.556 [TestNG-test-DemoStoreApp-1] DemoStoreTestng - https://magento.softwaretestingboard.com/customer/account/
[TRACE] 2024-08-05 19:54:17.556 [TestNG-test-DemoStoreApp-1] DemoStoreTestng - Navigated to customer page
[WARN ] 2024-08-05 19:54:17.657 [TestNG-test-DemoStoreApp-1] DemoStoreTestng - Account Success message not found
[TRACE] 2024-08-05 19:54:17.799 [TestNG-test-DemoStoreApp-1] DemoStoreTestng - username is visible
[INFO ] 2024-08-05 19:54:17.801 [TestNG-test-DemoStoreApp-1] DemoStoreTestng - Scenario execution over
[INFO ] 2024-08-05 19:54:26.439 [TestNG-test-DemoStoreApp-1] DemoStoreTestng - Scenario execution started
[INFO ] 2024-08-05 19:54:42.461 [TestNG-test-DemoStoreApp-1] DemoStoreTestng - Opens the application
[TRACE] 2024-08-05 19:54:49.670 [TestNG-test-DemoStoreApp-1] DemoStoreTestng - Create account link clicked
[INFO ] 2024-08-05 19:54:49.679 [TestNG-test-DemoStoreApp-1] DemoStoreTestng - https://magento.softwaretestingboard.com/customer/account/create/
[TRACE] 2024-08-05 19:54:49.725 [TestNG-test-DemoStoreApp-1] DemoStoreTestng - Navigated to Create account page
[TRACE] 2024-08-05 19:54:49.968 [TestNG-test-DemoStoreApp-1] DemoStoreTestng - First name entered
[TRACE] 2024-08-05 19:54:50.153 [TestNG-test-DemoStoreApp-1] DemoStoreTestng - Last name entered
[TRACE] 2024-08-05 19:54:50.351 [TestNG-test-DemoStoreApp-1] DemoStoreTestng - Email entered
[TRACE] 2024-08-05 19:54:50.556 [TestNG-test-DemoStoreApp-1] DemoStoreTestng - Password entered
[TRACE] 2024-08-05 19:54:50.731 [TestNG-test-DemoStoreApp-1] DemoStoreTestng - Confirm password entered
[TRACE] 2024-08-05 19:54:50.891 [TestNG-test-DemoStoreApp-1] DemoStoreTestng - create account button clicked
[INFO ] 2024-08-05 19:54:50.900 [TestNG-test-DemoStoreApp-1] DemoStoreTestng - https://magento.softwaretestingboard.com/customer/account/create/
[TRACE] 2024-08-05 19:54:50.900 [TestNG-test-DemoStoreApp-1] DemoStoreTestng - Navigated to customer page
[TRACE] 2024-08-05 19:54:50.976 [TestNG-test-DemoStoreApp-1] DemoStoreTestng - Warning message recieved
[INFO ] 2024-08-05 19:54:50.978 [TestNG-test-DemoStoreApp-1] DemoStoreTestng - Scenario execution over
[INFO ] 2024-08-05 19:55:06.235 [TestNG-test-DemoStoreApp-1] DemoStoreTestng - Scenario execution started
[INFO ] 2024-08-05 19:55:19.345 [TestNG-test-DemoStoreApp-1] DemoStoreTestng - Opens the application
[TRACE] 2024-08-05 19:55:23.703 [TestNG-test-DemoStoreApp-1] DemoStoreTestng - Create account link clicked
[INFO ] 2024-08-05 19:55:23.722 [TestNG-test-DemoStoreApp-1] DemoStoreTestng - https://magento.softwaretestingboard.com/customer/account/create/
[TRACE] 2024-08-05 19:55:23.751 [TestNG-test-DemoStoreApp-1] DemoStoreTestng - Navigated to Create account page
[TRACE] 2024-08-05 19:55:24.014 [TestNG-test-DemoStoreApp-1] DemoStoreTestng - First name entered
[TRACE] 2024-08-05 19:55:24.174 [TestNG-test-DemoStoreApp-1] DemoStoreTestng - Last name entered
[TRACE] 2024-08-05 19:55:24.364 [TestNG-test-DemoStoreApp-1] DemoStoreTestng - Email entered
[TRACE] 2024-08-05 19:55:24.558 [TestNG-test-DemoStoreApp-1] DemoStoreTestng - Password entered
[TRACE] 2024-08-05 19:55:24.760 [TestNG-test-DemoStoreApp-1] DemoStoreTestng - Confirm password entered
[TRACE] 2024-08-05 19:55:24.928 [TestNG-test-DemoStoreApp-1] DemoStoreTestng - create account button clicked
[INFO ] 2024-08-05 19:55:24.939 [TestNG-test-DemoStoreApp-1] DemoStoreTestng - https://magento.softwaretestingboard.com/customer/account/create/
[TRACE] 2024-08-05 19:55:24.939 [TestNG-test-DemoStoreApp-1] DemoStoreTestng - Navigated to customer page
[TRACE] 2024-08-05 19:55:25.037 [TestNG-test-DemoStoreApp-1] DemoStoreTestng - Warning message recieved
[INFO ] 2024-08-05 19:55:25.038 [TestNG-test-DemoStoreApp-1] DemoStoreTestng - Scenario execution over
[INFO ] 2024-08-05 19:55:33.188 [TestNG-test-DemoStoreApp-1] DemoStoreTestng - Scenario execution started
[INFO ] 2024-08-05 19:55:47.935 [TestNG-test-DemoStoreApp-1] DemoStoreTestng - Opens the application
[TRACE] 2024-08-05 19:55:51.893 [TestNG-test-DemoStoreApp-1] DemoStoreTestng - Create account link clicked
[INFO ] 2024-08-05 19:55:51.916 [TestNG-test-DemoStoreApp-1] DemoStoreTestng - https://magento.softwaretestingboard.com/customer/account/create/
[TRACE] 2024-08-05 19:55:51.917 [TestNG-test-DemoStoreApp-1] DemoStoreTestng - Navigated to Create account page
[INFO ] 2024-08-05 19:55:52.886 [TestNG-test-DemoStoreApp-1] DemoStoreTestng - Empty credentials
[TRACE] 2024-08-05 19:55:53.070 [TestNG-test-DemoStoreApp-1] DemoStoreTestng - create account button clicked
[INFO ] 2024-08-05 19:55:53.084 [TestNG-test-DemoStoreApp-1] DemoStoreTestng - https://magento.softwaretestingboard.com/customer/account/create/
[TRACE] 2024-08-05 19:55:53.084 [TestNG-test-DemoStoreApp-1] DemoStoreTestng - Navigated to customer page
[TRACE] 2024-08-05 19:55:53.217 [TestNG-test-DemoStoreApp-1] DemoStoreTestng - Firstname warning message found
[TRACE] 2024-08-05 19:55:53.283 [TestNG-test-DemoStoreApp-1] DemoStoreTestng - Lastname warning message found
[TRACE] 2024-08-05 19:55:53.353 [TestNG-test-DemoStoreApp-1] DemoStoreTestng - Email warning message found
[TRACE] 2024-08-05 19:55:53.471 [TestNG-test-DemoStoreApp-1] DemoStoreTestng - Password and Confirm Password warning message found
[INFO ] 2024-08-05 19:55:53.475 [TestNG-test-DemoStoreApp-1] DemoStoreTestng - Scenario execution over
[INFO ] 2024-08-05 19:56:02.176 [TestNG-test-DemoStoreApp-1] DemoStoreTestng - Scenario execution started
[INFO ] 2024-08-05 19:56:15.330 [TestNG-test-DemoStoreApp-1] DemoStoreTestng - Opens the application
[TRACE] 2024-08-05 19:56:18.627 [TestNG-test-DemoStoreApp-1] DemoStoreTestng - Clicked login link
[INFO ] 2024-08-05 19:56:18.660 [TestNG-test-DemoStoreApp-1] DemoStoreTestng - https://magento.softwaretestingboard.com/customer/account/login/referer/aHR0cHM6Ly9tYWdlbnRvLnNvZnR3YXJldGVzdGluZ2JvYXJkLmNvbS8%2C/
[INFO ] 2024-08-05 19:56:18.682 [TestNG-test-DemoStoreApp-1] DemoStoreTestng - https://magento.softwaretestingboard.com/customer/account/login/referer/aHR0cHM6Ly9tYWdlbnRvLnNvZnR3YXJldGVzdGluZ2JvYXJkLmNvbS8%2C/
[TRACE] 2024-08-05 19:56:18.683 [TestNG-test-DemoStoreApp-1] DemoStoreTestng - Navigated to login page
[TRACE] 2024-08-05 19:56:19.195 [TestNG-test-DemoStoreApp-1] DemoStoreTestng - Entered login credentials and clicked login button
[TRACE] 2024-08-05 19:56:23.468 [TestNG-test-DemoStoreApp-1] DemoStoreTestng - Clicked login button
[TRACE] 2024-08-05 19:56:23.645 [TestNG-test-DemoStoreApp-1] DemoStoreTestng - Navigated to home page
[INFO ] 2024-08-05 19:56:23.654 [TestNG-test-DemoStoreApp-1] DemoStoreTestng - https://magento.softwaretestingboard.com/
[INFO ] 2024-08-05 19:56:23.654 [TestNG-test-DemoStoreApp-1] DemoStoreTestng - Welcome Message: Support This Project
[TRACE] 2024-08-05 19:56:29.239 [TestNG-test-DemoStoreApp-1] DemoStoreTestng - Product name entered in search box: duffle bag
[TRACE] 2024-08-05 19:56:30.007 [TestNG-test-DemoStoreApp-1] DemoStoreTestng - Product duffle bag found
[TRACE] 2024-08-05 19:56:32.667 [TestNG-test-DemoStoreApp-1] DemoStoreTestng - Clicked products link
[INFO ] 2024-08-05 19:56:32.684 [TestNG-test-DemoStoreApp-1] DemoStoreTestng - https://magento.softwaretestingboard.com/impulse-duffle.html
[TRACE] 2024-08-05 19:56:32.684 [TestNG-test-DemoStoreApp-1] DemoStoreTestng - Navigated to product page
[TRACE] 2024-08-05 19:56:32.798 [TestNG-test-DemoStoreApp-1] DemoStoreTestng - Product is: Impulse Duffle
[TRACE] 2024-08-05 19:56:39.639 [TestNG-test-DemoStoreApp-1] DemoStoreTestng - Clicked logout button
[INFO ] 2024-08-05 19:56:39.649 [TestNG-test-DemoStoreApp-1] DemoStoreTestng - https://magento.softwaretestingboard.com/customer/account/logoutSuccess/
[TRACE] 2024-08-05 19:56:39.735 [TestNG-test-DemoStoreApp-1] DemoStoreTestng - Navigated to logout page
[INFO ] 2024-08-05 19:56:39.918 [TestNG-test-DemoStoreApp-1] DemoStoreTestng - logout successful
[INFO ] 2024-08-05 19:56:39.920 [TestNG-test-DemoStoreApp-1] DemoStoreTestng - Scenario execution over
[INFO ] 2024-08-05 19:59:16.216 [TestNG-test-DemoStoreApp-1] DemoStoreTestng - Scenario execution started
[INFO ] 2024-08-05 19:59:28.845 [TestNG-test-DemoStoreApp-1] DemoStoreTestng - Opens the application
[TRACE] 2024-08-05 19:59:33.016 [TestNG-test-DemoStoreApp-1] DemoStoreTestng - Clicked login link
[INFO ] 2024-08-05 19:59:33.039 [TestNG-test-DemoStoreApp-1] DemoStoreTestng - https://magento.softwaretestingboard.com/customer/account/login/referer/aHR0cHM6Ly9tYWdlbnRvLnNvZnR3YXJldGVzdGluZ2JvYXJkLmNvbS8%2C/
[INFO ] 2024-08-05 19:59:33.651 [TestNG-test-DemoStoreApp-1] DemoStoreTestng - Captured screenshot for step: User buys a product
[INFO ] 2024-08-05 19:59:33.670 [TestNG-test-DemoStoreApp-1] DemoStoreTestng - https://magento.softwaretestingboard.com/customer/account/login/referer/aHR0cHM6Ly9tYWdlbnRvLnNvZnR3YXJldGVzdGluZ2JvYXJkLmNvbS8%2C/
[TRACE] 2024-08-05 19:59:33.671 [TestNG-test-DemoStoreApp-1] DemoStoreTestng - Navigated to login page
[TRACE] 2024-08-05 19:59:34.146 [TestNG-test-DemoStoreApp-1] DemoStoreTestng - Entered login credentials and clicked login button
[INFO ] 2024-08-05 19:59:35.216 [TestNG-test-DemoStoreApp-1] DemoStoreTestng - Captured screenshot for step: User buys a product
[TRACE] 2024-08-05 19:59:37.652 [TestNG-test-DemoStoreApp-1] DemoStoreTestng - Clicked login button
[TRACE] 2024-08-05 19:59:38.011 [TestNG-test-DemoStoreApp-1] DemoStoreTestng - Navigated to home page
[INFO ] 2024-08-05 19:59:38.023 [TestNG-test-DemoStoreApp-1] DemoStoreTestng - https://magento.softwaretestingboard.com/
[INFO ] 2024-08-05 19:59:38.024 [TestNG-test-DemoStoreApp-1] DemoStoreTestng - Welcome Message: Support This Project
[INFO ] 2024-08-05 19:59:39.883 [TestNG-test-DemoStoreApp-1] DemoStoreTestng - Captured screenshot for step: User buys a product
[TRACE] 2024-08-05 19:59:42.885 [TestNG-test-DemoStoreApp-1] DemoStoreTestng - Searching for product: Selene Yoga Hoodie
[TRACE] 2024-08-05 19:59:44.463 [TestNG-test-DemoStoreApp-1] DemoStoreTestng - Searched product found
[INFO ] 2024-08-05 19:59:45.449 [TestNG-test-DemoStoreApp-1] DemoStoreTestng - Captured screenshot for step: User buys a product
[TRACE] 2024-08-05 19:59:45.809 [TestNG-test-DemoStoreApp-1] DemoStoreTestng - Selecting color and size
[INFO ] 2024-08-05 19:59:46.851 [TestNG-test-DemoStoreApp-1] DemoStoreTestng - Captured screenshot for step: User buys a product
[TRACE] 2024-08-05 19:59:47.356 [TestNG-test-DemoStoreApp-1] DemoStoreTestng - Clicked add to cart button
[TRACE] 2024-08-05 19:59:52.779 [TestNG-test-DemoStoreApp-1] DemoStoreTestng - Clicked cart button to proceed checkout
[INFO ] 2024-08-05 19:59:54.294 [TestNG-test-DemoStoreApp-1] DemoStoreTestng - Captured screenshot for step: User buys a product
[TRACE] 2024-08-05 19:59:56.329 [TestNG-test-DemoStoreApp-1] DemoStoreTestng - Clicked checkout button
[INFO ] 2024-08-05 19:59:56.525 [TestNG-test-DemoStoreApp-1] DemoStoreTestng - https://magento.softwaretestingboard.com/checkout/
[TRACE] 2024-08-05 19:59:56.525 [TestNG-test-DemoStoreApp-1] DemoStoreTestng - Navigated to checkout page
[INFO ] 2024-08-05 19:59:57.164 [TestNG-test-DemoStoreApp-1] DemoStoreTestng - Captured screenshot for step: User buys a product
[TRACE] 2024-08-05 20:00:06.706 [TestNG-test-DemoStoreApp-1] DemoStoreTestng - Clicked next button to see billing address
[INFO ] 2024-08-05 20:00:06.731 [TestNG-test-DemoStoreApp-1] DemoStoreTestng - https://magento.softwaretestingboard.com/checkout/#shipping
[TRACE] 2024-08-05 20:00:10.568 [TestNG-test-DemoStoreApp-1] DemoStoreTestng - billing address is selected
[INFO ] 2024-08-05 20:00:11.209 [TestNG-test-DemoStoreApp-1] DemoStoreTestng - Captured screenshot for step: User buys a product
[TRACE] 2024-08-05 20:00:13.581 [TestNG-test-DemoStoreApp-1] DemoStoreTestng - Clicked place order button
[INFO ] 2024-08-05 20:00:13.610 [TestNG-test-DemoStoreApp-1] DemoStoreTestng - https://magento.softwaretestingboard.com/checkout/#payment
[TRACE] 2024-08-05 20:00:13.611 [TestNG-test-DemoStoreApp-1] DemoStoreTestng - Navigated to orders page
[INFO ] 2024-08-05 20:00:14.168 [TestNG-test-DemoStoreApp-1] DemoStoreTestng - Captured screenshot for step: User buys a product
[TRACE] 2024-08-05 20:00:17.930 [TestNG-test-DemoStoreApp-1] DemoStoreTestng - order number is: 000013333
[TRACE] 2024-08-05 20:00:34.857 [TestNG-test-DemoStoreApp-1] DemoStoreTestng - Clicked order number link
[INFO ] 2024-08-05 20:00:34.908 [TestNG-test-DemoStoreApp-1] DemoStoreTestng - https://magento.softwaretestingboard.com/sales/order/view/order_id/13328/
[TRACE] 2024-08-05 20:00:34.908 [TestNG-test-DemoStoreApp-1] DemoStoreTestng - Navigated to order details page
[TRACE] 2024-08-05 20:00:35.328 [TestNG-test-DemoStoreApp-1] DemoStoreTestng - Checked order details
[INFO ] 2024-08-05 20:00:35.958 [TestNG-test-DemoStoreApp-1] DemoStoreTestng - Captured screenshot for step: User buys a product
[TRACE] 2024-08-05 20:00:57.569 [TestNG-test-DemoStoreApp-1] DemoStoreTestng - Clicked logout button
[INFO ] 2024-08-05 20:00:57.828 [TestNG-test-DemoStoreApp-1] DemoStoreTestng - logout successful
[INFO ] 2024-08-05 20:00:58.390 [TestNG-test-DemoStoreApp-1] DemoStoreTestng - Captured screenshot for step: User buys a product
[INFO ] 2024-08-05 20:00:58.395 [TestNG-test-DemoStoreApp-1] DemoStoreTestng - Scenario execution over
[INFO ] 2024-08-05 20:01:05.900 [TestNG-test-DemoStoreApp-1] DemoStoreTestng - Scenario execution started
[INFO ] 2024-08-05 20:01:18.840 [TestNG-test-DemoStoreApp-1] DemoStoreTestng - Opens the application
[TRACE] 2024-08-05 20:01:20.542 [TestNG-test-DemoStoreApp-1] DemoStoreTestng - Clicked login link
[INFO ] 2024-08-05 20:01:20.619 [TestNG-test-DemoStoreApp-1] DemoStoreTestng - https://magento.softwaretestingboard.com/customer/account/login/referer/aHR0cHM6Ly9tYWdlbnRvLnNvZnR3YXJldGVzdGluZ2JvYXJkLmNvbS8%2C/
[INFO ] 2024-08-05 20:01:21.878 [TestNG-test-DemoStoreApp-1] DemoStoreTestng - Captured screenshot for step: User logins with valid credentials
[TRACE] 2024-08-05 20:01:22.086 [TestNG-test-DemoStoreApp-1] DemoStoreTestng - Email entered
[INFO ] 2024-08-05 20:01:24.348 [TestNG-test-DemoStoreApp-1] DemoStoreTestng - Captured screenshot for step: User logins with valid credentials
[TRACE] 2024-08-05 20:01:24.493 [TestNG-test-DemoStoreApp-1] DemoStoreTestng - Password entered
[INFO ] 2024-08-05 20:01:25.083 [TestNG-test-DemoStoreApp-1] DemoStoreTestng - Captured screenshot for step: User logins with valid credentials
[TRACE] 2024-08-05 20:01:27.120 [TestNG-test-DemoStoreApp-1] DemoStoreTestng - Clicked login button
[INFO ] 2024-08-05 20:01:28.967 [TestNG-test-DemoStoreApp-1] DemoStoreTestng - Captured screenshot for step: User logins with valid credentials
[TRACE] 2024-08-05 20:01:28.981 [TestNG-test-DemoStoreApp-1] DemoStoreTestng - Navigated back to home page
[INFO ] 2024-08-05 20:01:28.991 [TestNG-test-DemoStoreApp-1] DemoStoreTestng - https://magento.softwaretestingboard.com/
[INFO ] 2024-08-05 20:01:30.517 [TestNG-test-DemoStoreApp-1] DemoStoreTestng - Captured screenshot for step: User logins with valid credentials
[TRACE] 2024-08-05 20:01:30.607 [TestNG-test-DemoStoreApp-1] DemoStoreTestng - Username found
[INFO ] 2024-08-05 20:01:32.111 [TestNG-test-DemoStoreApp-1] DemoStoreTestng - Captured screenshot for step: User logins with valid credentials
[INFO ] 2024-08-05 20:01:32.122 [TestNG-test-DemoStoreApp-1] DemoStoreTestng - Scenario execution over
[INFO ] 2024-08-05 20:01:38.726 [TestNG-test-DemoStoreApp-1] DemoStoreTestng - Scenario execution started
[INFO ] 2024-08-05 20:01:46.668 [TestNG-test-DemoStoreApp-1] DemoStoreTestng - Opens the application
[TRACE] 2024-08-05 20:01:51.165 [TestNG-test-DemoStoreApp-1] DemoStoreTestng - Clicked login link
[INFO ] 2024-08-05 20:01:51.202 [TestNG-test-DemoStoreApp-1] DemoStoreTestng - https://magento.softwaretestingboard.com/customer/account/login/referer/aHR0cHM6Ly9tYWdlbnRvLnNvZnR3YXJldGVzdGluZ2JvYXJkLmNvbS8%2C/
[INFO ] 2024-08-05 20:01:51.543 [TestNG-test-DemoStoreApp-1] DemoStoreTestng - Captured screenshot for step: User logins with invalid credentials
[TRACE] 2024-08-05 20:01:51.729 [TestNG-test-DemoStoreApp-1] DemoStoreTestng - Email entered
[INFO ] 2024-08-05 20:01:52.253 [TestNG-test-DemoStoreApp-1] DemoStoreTestng - Captured screenshot for step: User logins with invalid credentials
[TRACE] 2024-08-05 20:01:52.408 [TestNG-test-DemoStoreApp-1] DemoStoreTestng - Password entered
[INFO ] 2024-08-05 20:01:52.756 [TestNG-test-DemoStoreApp-1] DemoStoreTestng - Captured screenshot for step: User logins with invalid credentials
[TRACE] 2024-08-05 20:01:55.228 [TestNG-test-DemoStoreApp-1] DemoStoreTestng - Clicked login button
[INFO ] 2024-08-05 20:01:55.658 [TestNG-test-DemoStoreApp-1] DemoStoreTestng - Captured screenshot for step: User logins with invalid credentials
[TRACE] 2024-08-05 20:01:55.739 [TestNG-test-DemoStoreApp-1] DemoStoreTestng - Warnig message found: The account sign-in was incorrect or your account is disabled temporarily. Please wait and try again later.
[INFO ] 2024-08-05 20:01:56.100 [TestNG-test-DemoStoreApp-1] DemoStoreTestng - Captured screenshot for step: User logins with invalid credentials
[INFO ] 2024-08-05 20:01:56.102 [TestNG-test-DemoStoreApp-1] DemoStoreTestng - Scenario execution over
[INFO ] 2024-08-05 20:02:02.206 [TestNG-test-DemoStoreApp-1] DemoStoreTestng - Scenario execution started
[INFO ] 2024-08-05 20:02:15.685 [TestNG-test-DemoStoreApp-1] DemoStoreTestng - Opens the application
[TRACE] 2024-08-05 20:02:20.255 [TestNG-test-DemoStoreApp-1] DemoStoreTestng - Clicked login link
[INFO ] 2024-08-05 20:02:20.296 [TestNG-test-DemoStoreApp-1] DemoStoreTestng - https://magento.softwaretestingboard.com/customer/account/login/referer/aHR0cHM6Ly9tYWdlbnRvLnNvZnR3YXJldGVzdGluZ2JvYXJkLmNvbS8%2C/
[INFO ] 2024-08-05 20:02:20.900 [TestNG-test-DemoStoreApp-1] DemoStoreTestng - Captured screenshot for step: User logins with invalid credentials
[TRACE] 2024-08-05 20:02:21.089 [TestNG-test-DemoStoreApp-1] DemoStoreTestng - Email entered
[INFO ] 2024-08-05 20:02:22.993 [TestNG-test-DemoStoreApp-1] DemoStoreTestng - Captured screenshot for step: User logins with invalid credentials
[TRACE] 2024-08-05 20:02:23.193 [TestNG-test-DemoStoreApp-1] DemoStoreTestng - Password entered
[INFO ] 2024-08-05 20:02:23.780 [TestNG-test-DemoStoreApp-1] DemoStoreTestng - Captured screenshot for step: User logins with invalid credentials
[TRACE] 2024-08-05 20:02:25.578 [TestNG-test-DemoStoreApp-1] DemoStoreTestng - Clicked login button
[INFO ] 2024-08-05 20:02:26.409 [TestNG-test-DemoStoreApp-1] DemoStoreTestng - Captured screenshot for step: User logins with invalid credentials
[TRACE] 2024-08-05 20:02:26.496 [TestNG-test-DemoStoreApp-1] DemoStoreTestng - Warnig message found: The account sign-in was incorrect or your account is disabled temporarily. Please wait and try again later.
[INFO ] 2024-08-05 20:02:27.220 [TestNG-test-DemoStoreApp-1] DemoStoreTestng - Captured screenshot for step: User logins with invalid credentials
[INFO ] 2024-08-05 20:02:27.222 [TestNG-test-DemoStoreApp-1] DemoStoreTestng - Scenario execution over
[INFO ] 2024-08-05 20:02:35.389 [TestNG-test-DemoStoreApp-1] DemoStoreTestng - Scenario execution started
[INFO ] 2024-08-05 20:02:47.619 [TestNG-test-DemoStoreApp-1] DemoStoreTestng - Opens the application
[TRACE] 2024-08-05 20:02:50.467 [TestNG-test-DemoStoreApp-1] DemoStoreTestng - Clicked login link
[INFO ] 2024-08-05 20:02:50.494 [TestNG-test-DemoStoreApp-1] DemoStoreTestng - https://magento.softwaretestingboard.com/customer/account/login/referer/aHR0cHM6Ly9tYWdlbnRvLnNvZnR3YXJldGVzdGluZ2JvYXJkLmNvbS8%2C/
[INFO ] 2024-08-05 20:02:50.900 [TestNG-test-DemoStoreApp-1] DemoStoreTestng - Captured screenshot for step: User logins with invalid credentials
[TRACE] 2024-08-05 20:02:51.059 [TestNG-test-DemoStoreApp-1] DemoStoreTestng - Email entered
[INFO ] 2024-08-05 20:02:53.445 [TestNG-test-DemoStoreApp-1] DemoStoreTestng - Captured screenshot for step: User logins with invalid credentials
[TRACE] 2024-08-05 20:02:53.709 [TestNG-test-DemoStoreApp-1] DemoStoreTestng - Password entered
[INFO ] 2024-08-05 20:02:54.081 [TestNG-test-DemoStoreApp-1] DemoStoreTestng - Captured screenshot for step: User logins with invalid credentials
[TRACE] 2024-08-05 20:02:55.593 [TestNG-test-DemoStoreApp-1] DemoStoreTestng - Clicked login button
[INFO ] 2024-08-05 20:02:55.989 [TestNG-test-DemoStoreApp-1] DemoStoreTestng - Captured screenshot for step: User logins with invalid credentials
[TRACE] 2024-08-05 20:02:56.066 [TestNG-test-DemoStoreApp-1] DemoStoreTestng - Warnig message found: The account sign-in was incorrect or your account is disabled temporarily. Please wait and try again later.
[INFO ] 2024-08-05 20:02:56.480 [TestNG-test-DemoStoreApp-1] DemoStoreTestng - Captured screenshot for step: User logins with invalid credentials
[INFO ] 2024-08-05 20:02:56.482 [TestNG-test-DemoStoreApp-1] DemoStoreTestng - Scenario execution over
[INFO ] 2024-08-05 20:03:06.634 [TestNG-test-DemoStoreApp-1] DemoStoreTestng - Scenario execution started
[INFO ] 2024-08-05 20:03:18.877 [TestNG-test-DemoStoreApp-1] DemoStoreTestng - Opens the application
[TRACE] 2024-08-05 20:03:22.189 [TestNG-test-DemoStoreApp-1] DemoStoreTestng - Clicked login link
[INFO ] 2024-08-05 20:03:22.257 [TestNG-test-DemoStoreApp-1] DemoStoreTestng - https://magento.softwaretestingboard.com/customer/account/login/referer/aHR0cHM6Ly9tYWdlbnRvLnNvZnR3YXJldGVzdGluZ2JvYXJkLmNvbS8%2C/
[INFO ] 2024-08-05 20:03:22.994 [TestNG-test-DemoStoreApp-1] DemoStoreTestng - Captured screenshot for step: User logins with invalid credentials
[TRACE] 2024-08-05 20:03:23.163 [TestNG-test-DemoStoreApp-1] DemoStoreTestng - Email entered
[INFO ] 2024-08-05 20:03:24.617 [TestNG-test-DemoStoreApp-1] DemoStoreTestng - Captured screenshot for step: User logins with invalid credentials
[TRACE] 2024-08-05 20:03:24.781 [TestNG-test-DemoStoreApp-1] DemoStoreTestng - Password entered
[INFO ] 2024-08-05 20:03:25.355 [TestNG-test-DemoStoreApp-1] DemoStoreTestng - Captured screenshot for step: User logins with invalid credentials
[TRACE] 2024-08-05 20:03:25.518 [TestNG-test-DemoStoreApp-1] DemoStoreTestng - Clicked login button
[INFO ] 2024-08-05 20:03:26.325 [TestNG-test-DemoStoreApp-1] DemoStoreTestng - Captured screenshot for step: User logins with invalid credentials
[WARN ] 2024-08-05 20:03:26.468 [TestNG-test-DemoStoreApp-1] DemoStoreTestng - Warning message not found
[INFO ] 2024-08-05 20:03:27.097 [TestNG-test-DemoStoreApp-1] DemoStoreTestng - Captured screenshot for step: User logins with invalid credentials
[INFO ] 2024-08-05 20:03:27.098 [TestNG-test-DemoStoreApp-1] DemoStoreTestng - Scenario execution over
[INFO ] 2024-08-05 20:03:35.121 [TestNG-test-DemoStoreApp-1] DemoStoreTestng - Scenario execution started
[INFO ] 2024-08-05 20:03:49.342 [TestNG-test-DemoStoreApp-1] DemoStoreTestng - Opens the application
[TRACE] 2024-08-05 20:03:55.015 [TestNG-test-DemoStoreApp-1] DemoStoreTestng - Clicked login link
[INFO ] 2024-08-05 20:03:55.089 [TestNG-test-DemoStoreApp-1] DemoStoreTestng - https://magento.softwaretestingboard.com/customer/account/login/referer/aHR0cHM6Ly9tYWdlbnRvLnNvZnR3YXJldGVzdGluZ2JvYXJkLmNvbS8%2C/
[INFO ] 2024-08-05 20:03:55.729 [TestNG-test-DemoStoreApp-1] DemoStoreTestng - Captured screenshot for step: User logins with empty credentials
[INFO ] 2024-08-05 20:03:56.055 [TestNG-test-DemoStoreApp-1] DemoStoreTestng - Login with empty credentials
[INFO ] 2024-08-05 20:03:57.444 [TestNG-test-DemoStoreApp-1] DemoStoreTestng - Captured screenshot for step: User logins with empty credentials
[TRACE] 2024-08-05 20:03:57.770 [TestNG-test-DemoStoreApp-1] DemoStoreTestng - Clicked login button
[INFO ] 2024-08-05 20:03:58.371 [TestNG-test-DemoStoreApp-1] DemoStoreTestng - Captured screenshot for step: User logins with empty credentials
[TRACE] 2024-08-05 20:03:58.464 [TestNG-test-DemoStoreApp-1] DemoStoreTestng - Email warning message found
[INFO ] 2024-08-05 20:03:59.028 [TestNG-test-DemoStoreApp-1] DemoStoreTestng - Captured screenshot for step: User logins with empty credentials
[TRACE] 2024-08-05 20:03:59.115 [TestNG-test-DemoStoreApp-1] DemoStoreTestng - Password warning message found
[INFO ] 2024-08-05 20:03:59.730 [TestNG-test-DemoStoreApp-1] DemoStoreTestng - Captured screenshot for step: User logins with empty credentials
[INFO ] 2024-08-05 20:03:59.808 [TestNG-test-DemoStoreApp-1] DemoStoreTestng - Scenario execution over
[INFO ] 2024-08-05 20:04:06.836 [TestNG-test-DemoStoreApp-1] DemoStoreTestng - Scenario execution started
[INFO ] 2024-08-05 20:04:20.977 [TestNG-test-DemoStoreApp-1] DemoStoreTestng - Opens the application
[TRACE] 2024-08-05 20:04:25.694 [TestNG-test-DemoStoreApp-1] DemoStoreTestng - Clicked login link
[INFO ] 2024-08-05 20:04:25.722 [TestNG-test-DemoStoreApp-1] DemoStoreTestng - https://magento.softwaretestingboard.com/customer/account/login/referer/aHR0cHM6Ly9tYWdlbnRvLnNvZnR3YXJldGVzdGluZ2JvYXJkLmNvbS8%2C/
[INFO ] 2024-08-05 20:04:26.447 [TestNG-test-DemoStoreApp-1] DemoStoreTestng - Captured screenshot for step: User checks orders in the store
[INFO ] 2024-08-05 20:04:26.461 [TestNG-test-DemoStoreApp-1] DemoStoreTestng - https://magento.softwaretestingboard.com/customer/account/login/referer/aHR0cHM6Ly9tYWdlbnRvLnNvZnR3YXJldGVzdGluZ2JvYXJkLmNvbS8%2C/
[TRACE] 2024-08-05 20:04:26.461 [TestNG-test-DemoStoreApp-1] DemoStoreTestng - Navigated to login page
[TRACE] 2024-08-05 20:04:26.857 [TestNG-test-DemoStoreApp-1] DemoStoreTestng - Entered login credentials and clicked login button
[INFO ] 2024-08-05 20:04:30.211 [TestNG-test-DemoStoreApp-1] DemoStoreTestng - Captured screenshot for step: User checks orders in the store
[TRACE] 2024-08-05 20:04:32.149 [TestNG-test-DemoStoreApp-1] DemoStoreTestng - Clicked login button
[TRACE] 2024-08-05 20:04:32.220 [TestNG-test-DemoStoreApp-1] DemoStoreTestng - Navigated to home page
[INFO ] 2024-08-05 20:04:32.443 [TestNG-test-DemoStoreApp-1] DemoStoreTestng - https://magento.softwaretestingboard.com/
[INFO ] 2024-08-05 20:04:32.444 [TestNG-test-DemoStoreApp-1] DemoStoreTestng - Welcome Message: 
[INFO ] 2024-08-05 20:04:34.104 [TestNG-test-DemoStoreApp-1] DemoStoreTestng - Captured screenshot for step: User checks orders in the store
[TRACE] 2024-08-05 20:04:35.841 [TestNG-test-DemoStoreApp-1] DemoStoreTestng - Clicked my account link
[INFO ] 2024-08-05 20:04:36.171 [TestNG-test-DemoStoreApp-1] DemoStoreTestng - https://magento.softwaretestingboard.com/customer/account/
[TRACE] 2024-08-05 20:04:36.173 [TestNG-test-DemoStoreApp-1] DemoStoreTestng - Navigated to customer account page
[INFO ] 2024-08-05 20:04:37.632 [TestNG-test-DemoStoreApp-1] DemoStoreTestng - Captured screenshot for step: User checks orders in the store
[TRACE] 2024-08-05 20:04:40.422 [TestNG-test-DemoStoreApp-1] DemoStoreTestng - Clicked my orders link
[INFO ] 2024-08-05 20:04:40.691 [TestNG-test-DemoStoreApp-1] DemoStoreTestng - https://magento.softwaretestingboard.com/sales/order/history/
[TRACE] 2024-08-05 20:04:40.692 [TestNG-test-DemoStoreApp-1] DemoStoreTestng - Navigated to orders page
[INFO ] 2024-08-05 20:04:41.325 [TestNG-test-DemoStoreApp-1] DemoStoreTestng - Captured screenshot for step: User checks orders in the store
[TRACE] 2024-08-05 20:04:51.721 [TestNG-test-DemoStoreApp-1] DemoStoreTestng - Checked my orders
[INFO ] 2024-08-05 20:04:52.318 [TestNG-test-DemoStoreApp-1] DemoStoreTestng - Captured screenshot for step: User checks orders in the store
[TRACE] 2024-08-05 20:04:54.467 [TestNG-test-DemoStoreApp-1] DemoStoreTestng - Clicked logout button
[INFO ] 2024-08-05 20:04:54.684 [TestNG-test-DemoStoreApp-1] DemoStoreTestng - logout successful
[INFO ] 2024-08-05 20:04:55.247 [TestNG-test-DemoStoreApp-1] DemoStoreTestng - Captured screenshot for step: User checks orders in the store
[INFO ] 2024-08-05 20:04:55.252 [TestNG-test-DemoStoreApp-1] DemoStoreTestng - Scenario execution over
[INFO ] 2024-08-05 20:05:05.917 [TestNG-test-DemoStoreApp-1] DemoStoreTestng - Scenario execution started
[INFO ] 2024-08-05 20:05:18.095 [TestNG-test-DemoStoreApp-1] DemoStoreTestng - Opens the application
[TRACE] 2024-08-05 20:05:22.452 [TestNG-test-DemoStoreApp-1] DemoStoreTestng - Create account link clicked
[INFO ] 2024-08-05 20:05:22.474 [TestNG-test-DemoStoreApp-1] DemoStoreTestng - https://magento.softwaretestingboard.com/customer/account/create/
[TRACE] 2024-08-05 20:05:22.475 [TestNG-test-DemoStoreApp-1] DemoStoreTestng - Navigated to Create account page
[INFO ] 2024-08-05 20:05:34.087 [TestNG-test-DemoStoreApp-1] DemoStoreTestng - Captured screenshot for step: User registers with all fields
[TRACE] 2024-08-05 20:05:34.228 [TestNG-test-DemoStoreApp-1] DemoStoreTestng - First name entered
[INFO ] 2024-08-05 20:05:36.714 [TestNG-test-DemoStoreApp-1] DemoStoreTestng - Captured screenshot for step: User registers with all fields
[TRACE] 2024-08-05 20:05:36.884 [TestNG-test-DemoStoreApp-1] DemoStoreTestng - Last name entered
[INFO ] 2024-08-05 20:05:37.430 [TestNG-test-DemoStoreApp-1] DemoStoreTestng - Captured screenshot for step: User registers with all fields
[TRACE] 2024-08-05 20:05:37.637 [TestNG-test-DemoStoreApp-1] DemoStoreTestng - Email entered
[INFO ] 2024-08-05 20:05:38.321 [TestNG-test-DemoStoreApp-1] DemoStoreTestng - Captured screenshot for step: User registers with all fields
[TRACE] 2024-08-05 20:05:38.569 [TestNG-test-DemoStoreApp-1] DemoStoreTestng - Password entered
[INFO ] 2024-08-05 20:05:39.150 [TestNG-test-DemoStoreApp-1] DemoStoreTestng - Captured screenshot for step: User registers with all fields
[TRACE] 2024-08-05 20:05:39.304 [TestNG-test-DemoStoreApp-1] DemoStoreTestng - Confirm password entered
[INFO ] 2024-08-05 20:05:39.989 [TestNG-test-DemoStoreApp-1] DemoStoreTestng - Captured screenshot for step: User registers with all fields
[TRACE] 2024-08-05 20:05:44.301 [TestNG-test-DemoStoreApp-1] DemoStoreTestng - create account button clicked
[INFO ] 2024-08-05 20:05:44.320 [TestNG-test-DemoStoreApp-1] DemoStoreTestng - https://magento.softwaretestingboard.com/customer/account/
[TRACE] 2024-08-05 20:05:44.321 [TestNG-test-DemoStoreApp-1] DemoStoreTestng - Navigated to customer page
[INFO ] 2024-08-05 20:05:45.097 [TestNG-test-DemoStoreApp-1] DemoStoreTestng - Captured screenshot for step: User registers with all fields
[TRACE] 2024-08-05 20:05:45.175 [TestNG-test-DemoStoreApp-1] DemoStoreTestng - Customer account creation success message
[INFO ] 2024-08-05 20:05:45.956 [TestNG-test-DemoStoreApp-1] DemoStoreTestng - Captured screenshot for step: User registers with all fields
[TRACE] 2024-08-05 20:05:46.220 [TestNG-test-DemoStoreApp-1] DemoStoreTestng - username is visible
[INFO ] 2024-08-05 20:05:46.824 [TestNG-test-DemoStoreApp-1] DemoStoreTestng - Captured screenshot for step: User registers with all fields
[INFO ] 2024-08-05 20:05:46.826 [TestNG-test-DemoStoreApp-1] DemoStoreTestng - Scenario execution over
[INFO ] 2024-08-05 20:05:52.401 [TestNG-test-DemoStoreApp-1] DemoStoreTestng - Scenario execution started
[INFO ] 2024-08-05 20:06:07.613 [TestNG-test-DemoStoreApp-1] DemoStoreTestng - Opens the application
[TRACE] 2024-08-05 20:06:12.839 [TestNG-test-DemoStoreApp-1] DemoStoreTestng - Create account link clicked
[INFO ] 2024-08-05 20:06:12.859 [TestNG-test-DemoStoreApp-1] DemoStoreTestng - https://magento.softwaretestingboard.com/customer/account/create/
[TRACE] 2024-08-05 20:06:12.859 [TestNG-test-DemoStoreApp-1] DemoStoreTestng - Navigated to Create account page
[INFO ] 2024-08-05 20:06:14.962 [TestNG-test-DemoStoreApp-1] DemoStoreTestng - Captured screenshot for step: User registers with invalid data
[TRACE] 2024-08-05 20:06:15.139 [TestNG-test-DemoStoreApp-1] DemoStoreTestng - First name entered
[INFO ] 2024-08-05 20:06:17.091 [TestNG-test-DemoStoreApp-1] DemoStoreTestng - Captured screenshot for step: User registers with invalid data
[TRACE] 2024-08-05 20:06:17.260 [TestNG-test-DemoStoreApp-1] DemoStoreTestng - Last name entered
[INFO ] 2024-08-05 20:06:17.789 [TestNG-test-DemoStoreApp-1] DemoStoreTestng - Captured screenshot for step: User registers with invalid data
[TRACE] 2024-08-05 20:06:17.979 [TestNG-test-DemoStoreApp-1] DemoStoreTestng - Email entered
[INFO ] 2024-08-05 20:06:18.598 [TestNG-test-DemoStoreApp-1] DemoStoreTestng - Captured screenshot for step: User registers with invalid data
[TRACE] 2024-08-05 20:06:18.773 [TestNG-test-DemoStoreApp-1] DemoStoreTestng - Password entered
[INFO ] 2024-08-05 20:06:19.395 [TestNG-test-DemoStoreApp-1] DemoStoreTestng - Captured screenshot for step: User registers with invalid data
[TRACE] 2024-08-05 20:06:19.584 [TestNG-test-DemoStoreApp-1] DemoStoreTestng - Confirm password entered
[INFO ] 2024-08-05 20:06:20.275 [TestNG-test-DemoStoreApp-1] DemoStoreTestng - Captured screenshot for step: User registers with invalid data
[TRACE] 2024-08-05 20:06:20.530 [TestNG-test-DemoStoreApp-1] DemoStoreTestng - create account button clicked
[INFO ] 2024-08-05 20:06:20.543 [TestNG-test-DemoStoreApp-1] DemoStoreTestng - https://magento.softwaretestingboard.com/customer/account/create/
[TRACE] 2024-08-05 20:06:20.543 [TestNG-test-DemoStoreApp-1] DemoStoreTestng - Navigated to customer page
[INFO ] 2024-08-05 20:06:21.207 [TestNG-test-DemoStoreApp-1] DemoStoreTestng - Captured screenshot for step: User registers with invalid data
[TRACE] 2024-08-05 20:06:21.290 [TestNG-test-DemoStoreApp-1] DemoStoreTestng - Warning message recieved
[INFO ] 2024-08-05 20:06:21.938 [TestNG-test-DemoStoreApp-1] DemoStoreTestng - Captured screenshot for step: User registers with invalid data
[INFO ] 2024-08-05 20:06:21.939 [TestNG-test-DemoStoreApp-1] DemoStoreTestng - Scenario execution over
[INFO ] 2024-08-05 20:06:28.198 [TestNG-test-DemoStoreApp-1] DemoStoreTestng - Scenario execution started
[INFO ] 2024-08-05 20:06:42.350 [TestNG-test-DemoStoreApp-1] DemoStoreTestng - Opens the application
[TRACE] 2024-08-05 20:06:46.339 [TestNG-test-DemoStoreApp-1] DemoStoreTestng - Create account link clicked
[INFO ] 2024-08-05 20:06:46.367 [TestNG-test-DemoStoreApp-1] DemoStoreTestng - https://magento.softwaretestingboard.com/customer/account/create/
[TRACE] 2024-08-05 20:06:46.368 [TestNG-test-DemoStoreApp-1] DemoStoreTestng - Navigated to Create account page
[INFO ] 2024-08-05 20:06:46.948 [TestNG-test-DemoStoreApp-1] DemoStoreTestng - Captured screenshot for step: User registers with invalid data
[TRACE] 2024-08-05 20:06:47.153 [TestNG-test-DemoStoreApp-1] DemoStoreTestng - First name entered
[INFO ] 2024-08-05 20:06:50.134 [TestNG-test-DemoStoreApp-1] DemoStoreTestng - Captured screenshot for step: User registers with invalid data
[TRACE] 2024-08-05 20:06:50.245 [TestNG-test-DemoStoreApp-1] DemoStoreTestng - Last name entered
[INFO ] 2024-08-05 20:06:51.287 [TestNG-test-DemoStoreApp-1] DemoStoreTestng - Captured screenshot for step: User registers with invalid data
[TRACE] 2024-08-05 20:06:51.625 [TestNG-test-DemoStoreApp-1] DemoStoreTestng - Email entered
[INFO ] 2024-08-05 20:06:52.069 [TestNG-test-DemoStoreApp-1] DemoStoreTestng - Captured screenshot for step: User registers with invalid data
[TRACE] 2024-08-05 20:06:52.193 [TestNG-test-DemoStoreApp-1] DemoStoreTestng - Password entered
[INFO ] 2024-08-05 20:06:52.897 [TestNG-test-DemoStoreApp-1] DemoStoreTestng - Captured screenshot for step: User registers with invalid data
[TRACE] 2024-08-05 20:06:53.118 [TestNG-test-DemoStoreApp-1] DemoStoreTestng - Confirm password entered
[INFO ] 2024-08-05 20:06:53.631 [TestNG-test-DemoStoreApp-1] DemoStoreTestng - Captured screenshot for step: User registers with invalid data
[TRACE] 2024-08-05 20:06:53.819 [TestNG-test-DemoStoreApp-1] DemoStoreTestng - create account button clicked
[INFO ] 2024-08-05 20:06:53.829 [TestNG-test-DemoStoreApp-1] DemoStoreTestng - https://magento.softwaretestingboard.com/customer/account/create/
[TRACE] 2024-08-05 20:06:53.829 [TestNG-test-DemoStoreApp-1] DemoStoreTestng - Navigated to customer page
[INFO ] 2024-08-05 20:06:54.379 [TestNG-test-DemoStoreApp-1] DemoStoreTestng - Captured screenshot for step: User registers with invalid data
[TRACE] 2024-08-05 20:06:54.541 [TestNG-test-DemoStoreApp-1] DemoStoreTestng - Warning message recieved
[INFO ] 2024-08-05 20:06:55.519 [TestNG-test-DemoStoreApp-1] DemoStoreTestng - Captured screenshot for step: User registers with invalid data
[INFO ] 2024-08-05 20:06:55.521 [TestNG-test-DemoStoreApp-1] DemoStoreTestng - Scenario execution over
[INFO ] 2024-08-05 20:07:04.371 [TestNG-test-DemoStoreApp-1] DemoStoreTestng - Scenario execution started
[INFO ] 2024-08-05 20:07:18.222 [TestNG-test-DemoStoreApp-1] DemoStoreTestng - Opens the application
[TRACE] 2024-08-05 20:07:23.042 [TestNG-test-DemoStoreApp-1] DemoStoreTestng - Create account link clicked
[INFO ] 2024-08-05 20:07:23.058 [TestNG-test-DemoStoreApp-1] DemoStoreTestng - https://magento.softwaretestingboard.com/customer/account/create/
[TRACE] 2024-08-05 20:07:23.059 [TestNG-test-DemoStoreApp-1] DemoStoreTestng - Navigated to Create account page
[INFO ] 2024-08-05 20:07:23.772 [TestNG-test-DemoStoreApp-1] DemoStoreTestng - Captured screenshot for step: User registers with empty credentials
[INFO ] 2024-08-05 20:07:24.572 [TestNG-test-DemoStoreApp-1] DemoStoreTestng - Empty credentials
[INFO ] 2024-08-05 20:07:25.803 [TestNG-test-DemoStoreApp-1] DemoStoreTestng - Captured screenshot for step: User registers with empty credentials
[TRACE] 2024-08-05 20:07:26.072 [TestNG-test-DemoStoreApp-1] DemoStoreTestng - create account button clicked
[INFO ] 2024-08-05 20:07:26.082 [TestNG-test-DemoStoreApp-1] DemoStoreTestng - https://magento.softwaretestingboard.com/customer/account/create/
[TRACE] 2024-08-05 20:07:26.082 [TestNG-test-DemoStoreApp-1] DemoStoreTestng - Navigated to customer page
[INFO ] 2024-08-05 20:07:26.650 [TestNG-test-DemoStoreApp-1] DemoStoreTestng - Captured screenshot for step: User registers with empty credentials
[TRACE] 2024-08-05 20:07:26.727 [TestNG-test-DemoStoreApp-1] DemoStoreTestng - Firstname warning message found
[INFO ] 2024-08-05 20:07:27.455 [TestNG-test-DemoStoreApp-1] DemoStoreTestng - Captured screenshot for step: User registers with empty credentials
[TRACE] 2024-08-05 20:07:27.572 [TestNG-test-DemoStoreApp-1] DemoStoreTestng - Lastname warning message found
[INFO ] 2024-08-05 20:07:28.211 [TestNG-test-DemoStoreApp-1] DemoStoreTestng - Captured screenshot for step: User registers with empty credentials
[TRACE] 2024-08-05 20:07:28.263 [TestNG-test-DemoStoreApp-1] DemoStoreTestng - Email warning message found
[INFO ] 2024-08-05 20:07:28.903 [TestNG-test-DemoStoreApp-1] DemoStoreTestng - Captured screenshot for step: User registers with empty credentials
[TRACE] 2024-08-05 20:07:29.060 [TestNG-test-DemoStoreApp-1] DemoStoreTestng - Password and Confirm Password warning message found
[INFO ] 2024-08-05 20:07:29.660 [TestNG-test-DemoStoreApp-1] DemoStoreTestng - Captured screenshot for step: User registers with empty credentials
[INFO ] 2024-08-05 20:07:29.661 [TestNG-test-DemoStoreApp-1] DemoStoreTestng - Scenario execution over
[INFO ] 2024-08-05 20:07:36.242 [TestNG-test-DemoStoreApp-1] DemoStoreTestng - Scenario execution started
[INFO ] 2024-08-05 20:07:49.939 [TestNG-test-DemoStoreApp-1] DemoStoreTestng - Opens the application
[TRACE] 2024-08-05 20:07:51.270 [TestNG-test-DemoStoreApp-1] DemoStoreTestng - Clicked login link
[INFO ] 2024-08-05 20:07:51.291 [TestNG-test-DemoStoreApp-1] DemoStoreTestng - https://magento.softwaretestingboard.com/customer/account/login/referer/aHR0cHM6Ly9tYWdlbnRvLnNvZnR3YXJldGVzdGluZ2JvYXJkLmNvbS8%2C/
[INFO ] 2024-08-05 20:07:52.253 [TestNG-test-DemoStoreApp-1] DemoStoreTestng - Captured screenshot for step: User searches a product
[INFO ] 2024-08-05 20:07:52.279 [TestNG-test-DemoStoreApp-1] DemoStoreTestng - https://magento.softwaretestingboard.com/customer/account/login/referer/aHR0cHM6Ly9tYWdlbnRvLnNvZnR3YXJldGVzdGluZ2JvYXJkLmNvbS8%2C/
[TRACE] 2024-08-05 20:07:52.280 [TestNG-test-DemoStoreApp-1] DemoStoreTestng - Navigated to login page
[TRACE] 2024-08-05 20:07:52.610 [TestNG-test-DemoStoreApp-1] DemoStoreTestng - Entered login credentials and clicked login button
[INFO ] 2024-08-05 20:07:56.012 [TestNG-test-DemoStoreApp-1] DemoStoreTestng - Captured screenshot for step: User searches a product
[TRACE] 2024-08-05 20:07:58.331 [TestNG-test-DemoStoreApp-1] DemoStoreTestng - Clicked login button
[INFO ] 2024-08-05 20:08:01.427 [TestNG-test-DemoStoreApp-1] DemoStoreTestng - Captured screenshot for step: User searches a product
[INFO ] 2024-08-05 20:08:03.294 [TestNG-test-DemoStoreApp-1] DemoStoreTestng - screenshot captured
[DEBUG] 2024-08-05 20:08:03.294 [TestNG-test-DemoStoreApp-1] DemoStoreTestng - Captured screenshot for failed scenario: User searches a product
[INFO ] 2024-08-05 20:08:03.297 [TestNG-test-DemoStoreApp-1] DemoStoreTestng - Scenario execution over
